<?xml version="1.0" encoding="UTF-8"?>
<!-- Generated by org.testng.reporters.JUnitXMLReporter -->
<testsuite ignored="0" hostname="CRSPL-L-2206075" failures="1" tests="1" name="Authentication Tests" time="16.525" errors="0" timestamp="2026-04-14T10:29:01 IST">
  <testcase classname="com.careir.tests.LoginTest" name="verifyVendorUserCanLoginFromProperties" time="4.265">
    <failure type="java.lang.AssertionError" message="Dashboard should be visible for vendor user login expected [true] but found [false]">
      <![CDATA[java.lang.AssertionError: Dashboard should be visible for vendor user login expected [true] but found [false]
at com.careir.tests.LoginTest.verifyVendorUserCanLoginFromProperties(LoginTest.java:29)
at java.base/java.util.concurrent.Executors$RunnableAdapter.call(Executors.java:539)
at java.base/java.util.concurrent.FutureTask.run(FutureTask.java:264)
at java.base/java.util.concurrent.ThreadPoolExecutor.runWorker(ThreadPoolExecutor.java:1136)
at java.base/java.util.concurrent.ThreadPoolExecutor$Worker.run(ThreadPoolExecutor.java:635)
at java.base/java.lang.Thread.run(Thread.java:842)
... Removed 16 stack frames]]>
    </failure>
  </testcase> <!-- verifyVendorUserCanLoginFromProperties -->
</testsuite> <!-- Authentication Tests -->
