<?xml version="1.0" encoding="UTF-8"?>
<!-- Generated by org.testng.reporters.JUnitXMLReporter -->
<testsuite ignored="1" hostname="CRSPL-L-2206075" failures="0" tests="1" name="Surefire test" time="5.752" errors="0" timestamp="2026-04-13T18:08:36 IST">
  <testcase classname="com.careir.tests.LoginTest" name="verifyVendorUserCanLoginFromProperties" time="2.428"/>
  <testcase classname="com.careir.tests.LoginTest" name="verifyUserCanLogin" time="0.0">
    <ignored/>
  </testcase> <!-- verifyUserCanLogin -->
</testsuite> <!-- Surefire test -->
