<?xml version="1.0" encoding="UTF-8"?>
<testng-results ignored="0" total="1" passed="1" failed="0" skipped="0">
  <reporter-output>
  </reporter-output>
  <suite started-at="2026-04-14T12:02:38 IST" name="CareIR Automation Suite" finished-at="2026-04-14T12:02:45 IST" duration-ms="7819">
    <groups>
    </groups>
    <test started-at="2026-04-14T12:02:38 IST" name="Authentication Tests" finished-at="2026-04-14T12:02:45 IST" duration-ms="7819">
      <class name="com.careir.tests.LoginTest">
        <test-method is-config="true" signature="setUp()[pri:0, instance:com.careir.tests.LoginTest@1fdfafd2]" started-at="2026-04-14T12:02:38 IST" name="setUp" finished-at="2026-04-14T12:02:42 IST" duration-ms="4150" status="PASS">
          <reporter-output>
          </reporter-output>
        </test-method> <!-- setUp -->
        <test-method signature="verifyVendorUserCanLoginFromProperties()[pri:0, instance:com.careir.tests.LoginTest@1fdfafd2]" started-at="2026-04-14T12:02:42 IST" name="verifyVendorUserCanLoginFromProperties" finished-at="2026-04-14T12:02:45 IST" duration-ms="3003" status="PASS">
          <reporter-output>
          </reporter-output>
        </test-method> <!-- verifyVendorUserCanLoginFromProperties -->
        <test-method is-config="true" signature="tearDown()[pri:0, instance:com.careir.tests.LoginTest@1fdfafd2]" started-at="2026-04-14T12:02:45 IST" name="tearDown" finished-at="2026-04-14T12:02:45 IST" duration-ms="603" status="PASS">
          <reporter-output>
          </reporter-output>
        </test-method> <!-- tearDown -->
      </class> <!-- com.careir.tests.LoginTest -->
    </test> <!-- Authentication Tests -->
  </suite> <!-- CareIR Automation Suite -->
</testng-results>
